[Thu Sep 15 23:35:01.561913 2022] [ssl:warn] [pid 2620:tid 500] AH01909: www.example.com:443:0 server certificate does NOT include an ID which matches the server name
[Thu Sep 15 23:35:01.921302 2022] [ssl:warn] [pid 2620:tid 500] AH01909: www.example.com:443:0 server certificate does NOT include an ID which matches the server name
[Thu Sep 15 23:35:02.093148 2022] [mpm_winnt:notice] [pid 2620:tid 500] AH00455: Apache/2.4.53 (Win64) OpenSSL/1.1.1n PHP/8.1.6 configured -- resuming normal operations
[Thu Sep 15 23:35:02.093148 2022] [mpm_winnt:notice] [pid 2620:tid 500] AH00456: Apache Lounge VS16 Server built: Mar 16 2022 11:26:15
[Thu Sep 15 23:35:02.093148 2022] [core:notice] [pid 2620:tid 500] AH00094: Command line: 'c:\\xampp\\apache\\bin\\httpd.exe -d C:/xampp/apache'
[Thu Sep 15 23:35:02.093148 2022] [mpm_winnt:notice] [pid 2620:tid 500] AH00418: Parent: Created child process 1040
[Thu Sep 15 23:35:04.030652 2022] [ssl:warn] [pid 1040:tid 516] AH01909: www.example.com:443:0 server certificate does NOT include an ID which matches the server name
[Thu Sep 15 23:35:04.218168 2022] [ssl:warn] [pid 1040:tid 516] AH01909: www.example.com:443:0 server certificate does NOT include an ID which matches the server name
[Thu Sep 15 23:35:04.343151 2022] [mpm_winnt:notice] [pid 1040:tid 516] AH00354: Child: Starting 150 worker threads.
[Mon Sep 19 22:02:15.561549 2022] [ssl:warn] [pid 10944:tid 176] AH01909: www.example.com:443:0 server certificate does NOT include an ID which matches the server name
[Mon Sep 19 22:02:16.045984 2022] [core:warn] [pid 10944:tid 176] AH00098: pid file C:/xampp/apache/logs/httpd.pid overwritten -- Unclean shutdown of previous Apache run?
[Mon Sep 19 22:02:16.061465 2022] [ssl:warn] [pid 10944:tid 176] AH01909: www.example.com:443:0 server certificate does NOT include an ID which matches the server name
[Mon Sep 19 22:02:17.780180 2022] [mpm_winnt:notice] [pid 10944:tid 176] AH00455: Apache/2.4.53 (Win64) OpenSSL/1.1.1n PHP/8.1.6 configured -- resuming normal operations
[Mon Sep 19 22:02:17.780180 2022] [mpm_winnt:notice] [pid 10944:tid 176] AH00456: Apache Lounge VS16 Server built: Mar 16 2022 11:26:15
[Mon Sep 19 22:02:17.780180 2022] [core:notice] [pid 10944:tid 176] AH00094: Command line: 'c:\\xampp\\apache\\bin\\httpd.exe -d C:/xampp/apache'
[Mon Sep 19 22:02:17.780180 2022] [mpm_winnt:notice] [pid 10944:tid 176] AH00418: Parent: Created child process 4380
[Mon Sep 19 22:02:19.248960 2022] [ssl:warn] [pid 4380:tid 476] AH01909: www.example.com:443:0 server certificate does NOT include an ID which matches the server name
[Mon Sep 19 22:02:19.358469 2022] [ssl:warn] [pid 4380:tid 476] AH01909: www.example.com:443:0 server certificate does NOT include an ID which matches the server name
[Mon Sep 19 22:02:19.483330 2022] [mpm_winnt:notice] [pid 4380:tid 476] AH00354: Child: Starting 150 worker threads.
[Mon Sep 19 22:24:51.624010 2022] [ssl:warn] [pid 10752:tid 472] AH01909: www.example.com:443:0 server certificate does NOT include an ID which matches the server name
[Mon Sep 19 22:24:51.795902 2022] [core:warn] [pid 10752:tid 472] AH00098: pid file C:/xampp/apache/logs/httpd.pid overwritten -- Unclean shutdown of previous Apache run?
[Mon Sep 19 22:24:51.811511 2022] [ssl:warn] [pid 10752:tid 472] AH01909: www.example.com:443:0 server certificate does NOT include an ID which matches the server name
[Mon Sep 19 22:24:51.952157 2022] [mpm_winnt:notice] [pid 10752:tid 472] AH00455: Apache/2.4.53 (Win64) OpenSSL/1.1.1n PHP/8.1.6 configured -- resuming normal operations
[Mon Sep 19 22:24:51.952157 2022] [mpm_winnt:notice] [pid 10752:tid 472] AH00456: Apache Lounge VS16 Server built: Mar 16 2022 11:26:15
[Mon Sep 19 22:24:51.952157 2022] [core:notice] [pid 10752:tid 472] AH00094: Command line: 'c:\\xampp\\apache\\bin\\httpd.exe -d C:/xampp/apache'
[Mon Sep 19 22:24:51.952157 2022] [mpm_winnt:notice] [pid 10752:tid 472] AH00418: Parent: Created child process 5108
[Mon Sep 19 22:24:53.342779 2022] [ssl:warn] [pid 5108:tid 476] AH01909: www.example.com:443:0 server certificate does NOT include an ID which matches the server name
[Mon Sep 19 22:24:53.499014 2022] [ssl:warn] [pid 5108:tid 476] AH01909: www.example.com:443:0 server certificate does NOT include an ID which matches the server name
[Mon Sep 19 22:24:53.638554 2022] [mpm_winnt:notice] [pid 5108:tid 476] AH00354: Child: Starting 150 worker threads.
[Mon Sep 19 22:31:56.551041 2022] [php:warn] [pid 5108:tid 1920] [client ::1:50737] PHP Warning:  Undefined array key "dbname" in C:\\xampp\\htdocs\\wp-admin\\setup-config.php on line 259
[Mon Sep 19 22:31:56.552040 2022] [php:warn] [pid 5108:tid 1920] [client ::1:50737] PHP Warning:  Undefined array key "uname" in C:\\xampp\\htdocs\\wp-admin\\setup-config.php on line 260
[Mon Sep 19 22:31:56.552040 2022] [php:warn] [pid 5108:tid 1920] [client ::1:50737] PHP Warning:  Undefined array key "pwd" in C:\\xampp\\htdocs\\wp-admin\\setup-config.php on line 261
[Mon Sep 19 22:31:56.552040 2022] [php:warn] [pid 5108:tid 1920] [client ::1:50737] PHP Warning:  Undefined array key "dbhost" in C:\\xampp\\htdocs\\wp-admin\\setup-config.php on line 262
[Mon Sep 19 22:31:56.553040 2022] [php:warn] [pid 5108:tid 1920] [client ::1:50737] PHP Warning:  Undefined array key "prefix" in C:\\xampp\\htdocs\\wp-admin\\setup-config.php on line 263
[Mon Sep 19 22:33:01.830179 2022] [php:notice] [pid 5108:tid 1920] [client ::1:50751] WordPress database error Unknown column 'wp_' in 'field list' for query SELECT wp_, referer: http://localhost:8080/wp-admin/setup-config.php?step=1
[Mon Sep 19 22:37:49.799087 2022] [php:notice] [pid 5108:tid 1884] [client ::1:50798] WordPress database error Table 'C:\\xampp\\tmp\\#sql2ae8_46_0.MAI' is read only for query SHOW FULL COLUMNS FROM `wp_usermeta` made by wp_signon, wp_set_auth_cookie, WP_Session_Tokens->create, WP_Session_Tokens->update, WP_User_Meta_Session_Tokens->update_session, WP_User_Meta_Session_Tokens->update_sessions, update_user_meta, update_metadata, add_metadata, referer: http://localhost:8080/wp-login.php
[Sat Sep 24 16:08:56.108234 2022] [ssl:warn] [pid 7296:tid 484] AH01909: www.example.com:443:0 server certificate does NOT include an ID which matches the server name
[Sat Sep 24 16:08:56.331675 2022] [core:warn] [pid 7296:tid 484] AH00098: pid file C:/xampp/apache/logs/httpd.pid overwritten -- Unclean shutdown of previous Apache run?
[Sat Sep 24 16:08:56.341874 2022] [ssl:warn] [pid 7296:tid 484] AH01909: www.example.com:443:0 server certificate does NOT include an ID which matches the server name
[Sat Sep 24 16:08:56.565188 2022] [mpm_winnt:notice] [pid 7296:tid 484] AH00455: Apache/2.4.53 (Win64) OpenSSL/1.1.1n PHP/8.1.6 configured -- resuming normal operations
[Sat Sep 24 16:08:56.565188 2022] [mpm_winnt:notice] [pid 7296:tid 484] AH00456: Apache Lounge VS16 Server built: Mar 16 2022 11:26:15
[Sat Sep 24 16:08:56.565188 2022] [core:notice] [pid 7296:tid 484] AH00094: Command line: 'c:\\xampp\\apache\\bin\\httpd.exe -d C:/xampp/apache'
[Sat Sep 24 16:08:56.573247 2022] [mpm_winnt:notice] [pid 7296:tid 484] AH00418: Parent: Created child process 2160
[Sat Sep 24 16:08:58.068437 2022] [ssl:warn] [pid 2160:tid 472] AH01909: www.example.com:443:0 server certificate does NOT include an ID which matches the server name
[Sat Sep 24 16:08:58.305301 2022] [ssl:warn] [pid 2160:tid 472] AH01909: www.example.com:443:0 server certificate does NOT include an ID which matches the server name
[Sat Sep 24 16:08:58.452486 2022] [mpm_winnt:notice] [pid 2160:tid 472] AH00354: Child: Starting 150 worker threads.
[Sun Sep 25 23:12:16.994683 2022] [ssl:warn] [pid 11732:tid 168] AH01909: www.example.com:443:0 server certificate does NOT include an ID which matches the server name
[Sun Sep 25 23:12:17.217850 2022] [core:warn] [pid 11732:tid 168] AH00098: pid file C:/xampp/apache/logs/httpd.pid overwritten -- Unclean shutdown of previous Apache run?
[Sun Sep 25 23:12:17.225854 2022] [ssl:warn] [pid 11732:tid 168] AH01909: www.example.com:443:0 server certificate does NOT include an ID which matches the server name
[Sun Sep 25 23:12:18.363801 2022] [mpm_winnt:notice] [pid 11732:tid 168] AH00455: Apache/2.4.53 (Win64) OpenSSL/1.1.1n PHP/8.1.6 configured -- resuming normal operations
[Sun Sep 25 23:12:18.364791 2022] [mpm_winnt:notice] [pid 11732:tid 168] AH00456: Apache Lounge VS16 Server built: Mar 16 2022 11:26:15
[Sun Sep 25 23:12:18.364791 2022] [core:notice] [pid 11732:tid 168] AH00094: Command line: 'c:\\xampp\\apache\\bin\\httpd.exe -d C:/xampp/apache'
[Sun Sep 25 23:12:18.368785 2022] [mpm_winnt:notice] [pid 11732:tid 168] AH00418: Parent: Created child process 11904
[Sun Sep 25 23:12:19.937066 2022] [ssl:warn] [pid 11904:tid 476] AH01909: www.example.com:443:0 server certificate does NOT include an ID which matches the server name
[Sun Sep 25 23:12:20.137050 2022] [ssl:warn] [pid 11904:tid 476] AH01909: www.example.com:443:0 server certificate does NOT include an ID which matches the server name
[Sun Sep 25 23:12:20.266050 2022] [mpm_winnt:notice] [pid 11904:tid 476] AH00354: Child: Starting 150 worker threads.
[Sun Sep 25 23:59:44.843908 2022] [php:notice] [pid 11904:tid 1896] [client ::1:64322] WordPress database error Table 'C:\\xampp\\tmp\\#sql1b5c_83_3.MAI' is read only for query SHOW FULL COLUMNS FROM `wp_options` made by require_once('wp-admin/admin.php'), require('wp-admin/menu.php'), wp_get_update_data, get_site_transient, apply_filters('site_transient_update_plugins'), WP_Hook->apply_filters, Presscore_Modules_TGMPAModule::update_plugins_list, Presscore_Modules_TGMPAModule::update_plugins_list_once_in_10_minutes, update_site_option, update_network_option, update_option, referer: http://localhost:8080/wp-admin/post.php?post=16&action=elementor
[Mon Sep 26 00:08:58.344020 2022] [ssl:warn] [pid 10104:tid 472] AH01909: www.example.com:443:0 server certificate does NOT include an ID which matches the server name
[Mon Sep 26 00:08:59.349393 2022] [core:warn] [pid 10104:tid 472] AH00098: pid file C:/xampp/apache/logs/httpd.pid overwritten -- Unclean shutdown of previous Apache run?
[Mon Sep 26 00:08:59.359394 2022] [ssl:warn] [pid 10104:tid 472] AH01909: www.example.com:443:0 server certificate does NOT include an ID which matches the server name
[Mon Sep 26 00:08:59.497388 2022] [mpm_winnt:notice] [pid 10104:tid 472] AH00455: Apache/2.4.53 (Win64) OpenSSL/1.1.1n PHP/8.1.6 configured -- resuming normal operations
[Mon Sep 26 00:08:59.497388 2022] [mpm_winnt:notice] [pid 10104:tid 472] AH00456: Apache Lounge VS16 Server built: Mar 16 2022 11:26:15
[Mon Sep 26 00:08:59.497388 2022] [core:notice] [pid 10104:tid 472] AH00094: Command line: 'c:\\xampp\\apache\\bin\\httpd.exe -d C:/xampp/apache'
[Mon Sep 26 00:08:59.501406 2022] [mpm_winnt:notice] [pid 10104:tid 472] AH00418: Parent: Created child process 10484
[Mon Sep 26 00:09:00.746396 2022] [ssl:warn] [pid 10484:tid 480] AH01909: www.example.com:443:0 server certificate does NOT include an ID which matches the server name
[Mon Sep 26 00:09:00.887412 2022] [ssl:warn] [pid 10484:tid 480] AH01909: www.example.com:443:0 server certificate does NOT include an ID which matches the server name
[Mon Sep 26 00:09:01.018405 2022] [mpm_winnt:notice] [pid 10484:tid 480] AH00354: Child: Starting 150 worker threads.
[Mon Sep 26 00:10:34.537081 2022] [ssl:warn] [pid 12268:tid 472] AH01909: www.example.com:443:0 server certificate does NOT include an ID which matches the server name
[Mon Sep 26 00:10:34.959554 2022] [core:warn] [pid 12268:tid 472] AH00098: pid file C:/xampp/apache/logs/httpd.pid overwritten -- Unclean shutdown of previous Apache run?
[Mon Sep 26 00:10:34.959554 2022] [ssl:warn] [pid 12268:tid 472] AH01909: www.example.com:443:0 server certificate does NOT include an ID which matches the server name
[Mon Sep 26 00:10:35.101917 2022] [mpm_winnt:notice] [pid 12268:tid 472] AH00455: Apache/2.4.53 (Win64) OpenSSL/1.1.1n PHP/8.1.6 configured -- resuming normal operations
[Mon Sep 26 00:10:35.101917 2022] [mpm_winnt:notice] [pid 12268:tid 472] AH00456: Apache Lounge VS16 Server built: Mar 16 2022 11:26:15
[Mon Sep 26 00:10:35.101917 2022] [core:notice] [pid 12268:tid 472] AH00094: Command line: 'c:\\xampp\\apache\\bin\\httpd.exe -d C:/xampp/apache'
[Mon Sep 26 00:10:35.101917 2022] [mpm_winnt:notice] [pid 12268:tid 472] AH00418: Parent: Created child process 3876
[Mon Sep 26 00:10:36.506377 2022] [ssl:warn] [pid 3876:tid 476] AH01909: www.example.com:443:0 server certificate does NOT include an ID which matches the server name
[Mon Sep 26 00:10:36.646397 2022] [ssl:warn] [pid 3876:tid 476] AH01909: www.example.com:443:0 server certificate does NOT include an ID which matches the server name
[Mon Sep 26 00:10:36.771402 2022] [mpm_winnt:notice] [pid 3876:tid 476] AH00354: Child: Starting 150 worker threads.
[Mon Sep 26 22:21:50.855169 2022] [ssl:warn] [pid 10640:tid 472] AH01909: www.example.com:443:0 server certificate does NOT include an ID which matches the server name
[Mon Sep 26 22:21:51.355170 2022] [core:warn] [pid 10640:tid 472] AH00098: pid file C:/xampp/apache/logs/httpd.pid overwritten -- Unclean shutdown of previous Apache run?
[Mon Sep 26 22:21:51.370790 2022] [ssl:warn] [pid 10640:tid 472] AH01909: www.example.com:443:0 server certificate does NOT include an ID which matches the server name
[Mon Sep 26 22:21:51.542670 2022] [mpm_winnt:notice] [pid 10640:tid 472] AH00455: Apache/2.4.53 (Win64) OpenSSL/1.1.1n PHP/8.1.6 configured -- resuming normal operations
[Mon Sep 26 22:21:51.542670 2022] [mpm_winnt:notice] [pid 10640:tid 472] AH00456: Apache Lounge VS16 Server built: Mar 16 2022 11:26:15
[Mon Sep 26 22:21:51.542670 2022] [core:notice] [pid 10640:tid 472] AH00094: Command line: 'c:\\xampp\\apache\\bin\\httpd.exe -d C:/xampp/apache'
[Mon Sep 26 22:21:51.542670 2022] [mpm_winnt:notice] [pid 10640:tid 472] AH00418: Parent: Created child process 11784
[Mon Sep 26 22:21:53.089541 2022] [ssl:warn] [pid 11784:tid 484] AH01909: www.example.com:443:0 server certificate does NOT include an ID which matches the server name
[Mon Sep 26 22:21:53.323917 2022] [ssl:warn] [pid 11784:tid 484] AH01909: www.example.com:443:0 server certificate does NOT include an ID which matches the server name
[Mon Sep 26 22:21:53.480163 2022] [mpm_winnt:notice] [pid 11784:tid 484] AH00354: Child: Starting 150 worker threads.
[Mon Sep 26 22:55:57.829238 2022] [php:warn] [pid 11784:tid 1900] [client ::1:58304] PHP Warning:  Array to string conversion in C:\\xampp\\htdocs\\wp-content\\themes\\dt-the7\\inc\\template-hooks.php on line 261, referer: http://localhost:8080/wp-admin/post-new.php?post_type=page
[Mon Sep 26 22:55:57.832241 2022] [php:warn] [pid 11784:tid 1904] [client ::1:58300] PHP Warning:  Array to string conversion in C:\\xampp\\htdocs\\wp-content\\themes\\dt-the7\\inc\\template-hooks.php on line 261, referer: http://localhost:8080/wp-admin/post-new.php?post_type=page
[Mon Sep 26 23:11:00.555388 2022] [php:warn] [pid 11784:tid 1908] [client ::1:63519] PHP Warning:  mysqli_query(): (HY000/6): Error on delete of 'C:\\xampp\\tmp\\#sql26d4_5a_4.MAI' (Errcode: 13 &quot;Permission denied&quot;) in C:\\xampp\\htdocs\\wp-includes\\wp-db.php on line 2169, referer: http://localhost:8080/wp-admin/options-reading.php
[Mon Sep 26 23:11:00.557391 2022] [php:notice] [pid 11784:tid 1908] [client ::1:63519] WordPress database error Error on delete of 'C:\\xampp\\tmp\\#sql26d4_5a_4.MAI' (Errcode: 13 "Permission denied") for query SHOW FULL COLUMNS FROM `wp_options` made by update_option, referer: http://localhost:8080/wp-admin/options-reading.php
[Thu Sep 29 22:49:58.884460 2022] [ssl:warn] [pid 9360:tid 496] AH01909: www.example.com:443:0 server certificate does NOT include an ID which matches the server name
[Thu Sep 29 22:50:03.221849 2022] [core:warn] [pid 9360:tid 496] AH00098: pid file C:/xampp/apache/logs/httpd.pid overwritten -- Unclean shutdown of previous Apache run?
[Thu Sep 29 22:50:03.237504 2022] [ssl:warn] [pid 9360:tid 496] AH01909: www.example.com:443:0 server certificate does NOT include an ID which matches the server name
[Thu Sep 29 22:50:03.378114 2022] [mpm_winnt:notice] [pid 9360:tid 496] AH00455: Apache/2.4.53 (Win64) OpenSSL/1.1.1n PHP/8.1.6 configured -- resuming normal operations
[Thu Sep 29 22:50:03.378114 2022] [mpm_winnt:notice] [pid 9360:tid 496] AH00456: Apache Lounge VS16 Server built: Mar 16 2022 11:26:15
[Thu Sep 29 22:50:03.378114 2022] [core:notice] [pid 9360:tid 496] AH00094: Command line: 'c:\\xampp\\apache\\bin\\httpd.exe -d C:/xampp/apache'
[Thu Sep 29 22:50:03.378114 2022] [mpm_winnt:notice] [pid 9360:tid 496] AH00418: Parent: Created child process 9192
[Thu Sep 29 22:50:07.348280 2022] [ssl:warn] [pid 9192:tid 476] AH01909: www.example.com:443:0 server certificate does NOT include an ID which matches the server name
[Thu Sep 29 22:50:07.676564 2022] [ssl:warn] [pid 9192:tid 476] AH01909: www.example.com:443:0 server certificate does NOT include an ID which matches the server name
[Thu Sep 29 22:50:07.801400 2022] [mpm_winnt:notice] [pid 9192:tid 476] AH00354: Child: Starting 150 worker threads.
[Thu Sep 29 22:52:41.530605 2022] [php:error] [pid 9192:tid 1968] [client ::1:64488] PHP Fatal error:  Maximum execution time of 120 seconds exceeded in C:\\xampp\\htdocs\\wp-includes\\blocks.php on line 390
[Thu Sep 29 22:52:45.008496 2022] [php:error] [pid 9192:tid 1964] [client ::1:64489] PHP Fatal error:  Maximum execution time of 120 seconds exceeded in C:\\xampp\\htdocs\\wp-includes\\Requests\\Transport\\cURL.php on line 165
[Sat Oct 01 15:53:52.497498 2022] [ssl:warn] [pid 10468:tid 516] AH01909: www.example.com:443:0 server certificate does NOT include an ID which matches the server name
[Sat Oct 01 15:53:53.200624 2022] [core:warn] [pid 10468:tid 516] AH00098: pid file C:/xampp/apache/logs/httpd.pid overwritten -- Unclean shutdown of previous Apache run?
[Sat Oct 01 15:53:53.200624 2022] [ssl:warn] [pid 10468:tid 516] AH01909: www.example.com:443:0 server certificate does NOT include an ID which matches the server name
[Sat Oct 01 15:53:53.356875 2022] [mpm_winnt:notice] [pid 10468:tid 516] AH00455: Apache/2.4.53 (Win64) OpenSSL/1.1.1n PHP/8.1.6 configured -- resuming normal operations
[Sat Oct 01 15:53:53.356875 2022] [mpm_winnt:notice] [pid 10468:tid 516] AH00456: Apache Lounge VS16 Server built: Mar 16 2022 11:26:15
[Sat Oct 01 15:53:53.356875 2022] [core:notice] [pid 10468:tid 516] AH00094: Command line: 'c:\\xampp\\apache\\bin\\httpd.exe -d C:/xampp/apache'
[Sat Oct 01 15:53:53.372501 2022] [mpm_winnt:notice] [pid 10468:tid 516] AH00418: Parent: Created child process 7876
[Sat Oct 01 15:53:55.434995 2022] [ssl:warn] [pid 7876:tid 476] AH01909: www.example.com:443:0 server certificate does NOT include an ID which matches the server name
[Sat Oct 01 15:53:55.669377 2022] [ssl:warn] [pid 7876:tid 476] AH01909: www.example.com:443:0 server certificate does NOT include an ID which matches the server name
[Sat Oct 01 15:53:55.841251 2022] [mpm_winnt:notice] [pid 7876:tid 476] AH00354: Child: Starting 150 worker threads.
[Sat Oct 01 16:28:00.117635 2022] [php:warn] [pid 7876:tid 1924] [client ::1:65421] PHP Warning:  mysqli_query(): (HY000/6): Error on delete of 'C:\\xampp\\tmp\\#sql30b4_57_4.MAI' (Errcode: 13 &quot;Permission denied&quot;) in C:\\xampp\\htdocs\\wp-includes\\wp-db.php on line 2169, referer: http://localhost:8080/wp-admin/post.php?post=18&action=elementor
[Sat Oct 01 16:28:00.119638 2022] [php:notice] [pid 7876:tid 1924] [client ::1:65421] WordPress database error Error on delete of 'C:\\xampp\\tmp\\#sql30b4_57_4.MAI' (Errcode: 13 "Permission denied") for query SHOW FULL COLUMNS FROM `wp_postmeta` made by do_action('wp_ajax_heartbeat'), WP_Hook->do_action, WP_Hook->apply_filters, wp_ajax_heartbeat, apply_filters('heartbeat_received'), WP_Hook->apply_filters, Elementor\\Heartbeat->heartbeat_received, Elementor\\Core\\Editor\\Editor->lock_post, wp_set_post_lock, update_post_meta, update_metadata, referer: http://localhost:8080/wp-admin/post.php?post=18&action=elementor
[Sat Oct 01 16:44:43.716502 2022] [php:notice] [pid 7876:tid 1936] [client ::1:52050] WordPress database error Table 'C:\\xampp\\tmp\\#sql30b4_8e_4.MAI' is read only for query SHOW FULL COLUMNS FROM `wp_postmeta` made by do_action('wp_ajax_heartbeat'), WP_Hook->do_action, WP_Hook->apply_filters, wp_ajax_heartbeat, apply_filters('heartbeat_received'), WP_Hook->apply_filters, Elementor\\Heartbeat->heartbeat_received, Elementor\\Core\\Editor\\Editor->lock_post, wp_set_post_lock, update_post_meta, update_metadata, referer: http://localhost:8080/wp-admin/post.php?post=18&action=elementor
[Sat Oct 01 16:47:16.919136 2022] [php:notice] [pid 7876:tid 1952] [client ::1:52184] WordPress database error Table 'C:\\xampp\\tmp\\#sql30b4_9e_5.MAI' is read only for query SHOW FULL COLUMNS FROM `wp_postmeta` made by require('wp-blog-header.php'), require_once('wp-includes/template-loader.php'), include('/themes/dt-the7/page.php'), get_header, locate_template, load_template, require_once('/themes/dt-the7/header.php'), get_template_part, locate_template, load_template, require('/themes/dt-the7/header-single.php'), wp_head, do_action('wp_head'), WP_Hook->do_action, WP_Hook->apply_filters, wp_enqueue_scripts, do_action('wp_enqueue_scripts'), WP_Hook->do_action, WP_Hook->apply_filters, Elementor\\Frontend->enqueue_styles, Elementor\\Core\\Files\\CSS\\Post->enqueue, Elementor\\Core\\Files\\CSS\\Base->enqueue, Elementor\\Core\\Files\\CSS\\Base->update, Elementor\\Core\\Files\\CSS\\Post->update_meta, update_post_meta, update_metadata, add_metadata, referer: http://localhost:8080/about-us/
[Sat Oct 01 16:53:56.102723 2022] [ssl:warn] [pid 996:tid 504] AH01909: www.example.com:443:0 server certificate does NOT include an ID which matches the server name
[Sat Oct 01 16:53:56.884081 2022] [core:warn] [pid 996:tid 504] AH00098: pid file C:/xampp/apache/logs/httpd.pid overwritten -- Unclean shutdown of previous Apache run?
[Sat Oct 01 16:53:56.899601 2022] [ssl:warn] [pid 996:tid 504] AH01909: www.example.com:443:0 server certificate does NOT include an ID which matches the server name
[Sat Oct 01 16:53:57.024601 2022] [mpm_winnt:notice] [pid 996:tid 504] AH00455: Apache/2.4.53 (Win64) OpenSSL/1.1.1n PHP/8.1.6 configured -- resuming normal operations
[Sat Oct 01 16:53:57.024601 2022] [mpm_winnt:notice] [pid 996:tid 504] AH00456: Apache Lounge VS16 Server built: Mar 16 2022 11:26:15
[Sat Oct 01 16:53:57.024601 2022] [core:notice] [pid 996:tid 504] AH00094: Command line: 'c:\\xampp\\apache\\bin\\httpd.exe -d C:/xampp/apache'
[Sat Oct 01 16:53:57.024601 2022] [mpm_winnt:notice] [pid 996:tid 504] AH00418: Parent: Created child process 10296
[Sat Oct 01 16:53:58.243377 2022] [ssl:warn] [pid 10296:tid 476] AH01909: www.example.com:443:0 server certificate does NOT include an ID which matches the server name
[Sat Oct 01 16:53:58.508976 2022] [ssl:warn] [pid 10296:tid 476] AH01909: www.example.com:443:0 server certificate does NOT include an ID which matches the server name
[Sat Oct 01 16:53:58.666809 2022] [mpm_winnt:notice] [pid 10296:tid 476] AH00354: Child: Starting 150 worker threads.
[Sat Oct 01 16:58:38.577197 2022] [ssl:warn] [pid 5504:tid 484] AH01909: www.example.com:443:0 server certificate does NOT include an ID which matches the server name
[Sat Oct 01 16:58:40.045949 2022] [core:warn] [pid 5504:tid 484] AH00098: pid file C:/xampp/apache/logs/httpd.pid overwritten -- Unclean shutdown of previous Apache run?
[Sat Oct 01 16:58:40.045949 2022] [ssl:warn] [pid 5504:tid 484] AH01909: www.example.com:443:0 server certificate does NOT include an ID which matches the server name
[Sat Oct 01 16:58:40.170947 2022] [mpm_winnt:notice] [pid 5504:tid 484] AH00455: Apache/2.4.53 (Win64) OpenSSL/1.1.1n PHP/8.1.6 configured -- resuming normal operations
[Sat Oct 01 16:58:40.170947 2022] [mpm_winnt:notice] [pid 5504:tid 484] AH00456: Apache Lounge VS16 Server built: Mar 16 2022 11:26:15
[Sat Oct 01 16:58:40.170947 2022] [core:notice] [pid 5504:tid 484] AH00094: Command line: 'c:\\xampp\\apache\\bin\\httpd.exe -d C:/xampp/apache'
[Sat Oct 01 16:58:40.186572 2022] [mpm_winnt:notice] [pid 5504:tid 484] AH00418: Parent: Created child process 11300
[Sat Oct 01 16:58:42.592854 2022] [ssl:warn] [pid 11300:tid 464] AH01909: www.example.com:443:0 server certificate does NOT include an ID which matches the server name
[Sat Oct 01 16:58:42.766033 2022] [ssl:warn] [pid 11300:tid 464] AH01909: www.example.com:443:0 server certificate does NOT include an ID which matches the server name
[Sat Oct 01 16:58:42.892387 2022] [mpm_winnt:notice] [pid 11300:tid 464] AH00354: Child: Starting 150 worker threads.
[Sat Oct 01 17:08:01.360860 2022] [ssl:warn] [pid 4348:tid 472] AH01909: www.example.com:443:0 server certificate does NOT include an ID which matches the server name
[Sat Oct 01 17:08:01.527865 2022] [core:warn] [pid 4348:tid 472] AH00098: pid file C:/xampp/apache/logs/httpd.pid overwritten -- Unclean shutdown of previous Apache run?
[Sat Oct 01 17:08:01.536865 2022] [ssl:warn] [pid 4348:tid 472] AH01909: www.example.com:443:0 server certificate does NOT include an ID which matches the server name
[Sat Oct 01 17:08:01.822867 2022] [mpm_winnt:notice] [pid 4348:tid 472] AH00455: Apache/2.4.53 (Win64) OpenSSL/1.1.1n PHP/8.1.6 configured -- resuming normal operations
[Sat Oct 01 17:08:01.822867 2022] [mpm_winnt:notice] [pid 4348:tid 472] AH00456: Apache Lounge VS16 Server built: Mar 16 2022 11:26:15
[Sat Oct 01 17:08:01.822867 2022] [core:notice] [pid 4348:tid 472] AH00094: Command line: 'c:\\xampp\\apache\\bin\\httpd.exe -d C:/xampp/apache'
[Sat Oct 01 17:08:01.828870 2022] [mpm_winnt:notice] [pid 4348:tid 472] AH00418: Parent: Created child process 9164
[Sat Oct 01 17:08:03.775860 2022] [ssl:warn] [pid 9164:tid 476] AH01909: www.example.com:443:0 server certificate does NOT include an ID which matches the server name
[Sat Oct 01 17:08:04.826609 2022] [ssl:warn] [pid 9164:tid 476] AH01909: www.example.com:443:0 server certificate does NOT include an ID which matches the server name
[Sat Oct 01 17:08:04.958609 2022] [mpm_winnt:notice] [pid 9164:tid 476] AH00354: Child: Starting 150 worker threads.
[Sat Oct 01 17:41:54.029332 2022] [php:notice] [pid 9164:tid 1876] [client ::1:64888] WordPress database error Table 'C:\\xampp\\tmp\\#sql2924_89_4.MAI' is read only for query SHOW FULL COLUMNS FROM `wp_postmeta` made by do_action('wp_ajax_heartbeat'), WP_Hook->do_action, WP_Hook->apply_filters, wp_ajax_heartbeat, apply_filters('heartbeat_received'), WP_Hook->apply_filters, Elementor\\Heartbeat->heartbeat_received, Elementor\\Core\\Editor\\Editor->lock_post, wp_set_post_lock, update_post_meta, update_metadata, referer: http://localhost:8080/wp-admin/post.php?post=18&action=elementor
[Sat Oct 01 18:03:07.072404 2022] [php:notice] [pid 9164:tid 1876] [client ::1:62577] WordPress database error Table 'C:\\xampp\\tmp\\#sql2924_102_4.MAI' is read only for query SHOW FULL COLUMNS FROM `wp_postmeta` made by do_action('wp_ajax_heartbeat'), WP_Hook->do_action, WP_Hook->apply_filters, wp_ajax_heartbeat, apply_filters('heartbeat_received'), WP_Hook->apply_filters, Elementor\\Heartbeat->heartbeat_received, Elementor\\Core\\Editor\\Editor->lock_post, wp_set_post_lock, update_post_meta, update_metadata, referer: http://localhost:8080/wp-admin/post.php?post=18&action=elementor
[Sat Oct 01 18:13:45.331630 2022] [php:warn] [pid 9164:tid 1876] [client ::1:62749] PHP Warning:  mysqli_query(): (HY000/6): Error on delete of 'C:\\xampp\\tmp\\#sql2924_131_4.MAD' (Errcode: 13 &quot;Permission denied&quot;) in C:\\xampp\\htdocs\\wp-includes\\wp-db.php on line 2169, referer: http://localhost:8080/wp-admin/post.php?post=18&action=elementor
[Sat Oct 01 18:13:45.331630 2022] [php:notice] [pid 9164:tid 1876] [client ::1:62749] WordPress database error Error on delete of 'C:\\xampp\\tmp\\#sql2924_131_4.MAD' (Errcode: 13 "Permission denied") for query SHOW FULL COLUMNS FROM `wp_postmeta` made by do_action('wp_ajax_heartbeat'), WP_Hook->do_action, WP_Hook->apply_filters, wp_ajax_heartbeat, apply_filters('heartbeat_received'), WP_Hook->apply_filters, Elementor\\Heartbeat->heartbeat_received, Elementor\\Core\\Editor\\Editor->lock_post, wp_set_post_lock, update_post_meta, update_metadata, referer: http://localhost:8080/wp-admin/post.php?post=18&action=elementor
[Sat Oct 01 18:44:12.348082 2022] [php:notice] [pid 9164:tid 1908] [client ::1:56905] WordPress database error Table 'C:\\xampp\\tmp\\#sql2924_1c9_6.MAI' is read only for query SHOW FULL COLUMNS FROM `wp_postmeta` made by do_action('wp_ajax_elementor_ajax'), WP_Hook->do_action, WP_Hook->apply_filters, Elementor\\Core\\Common\\Modules\\Ajax\\Module->handle_ajax_request, call_user_func, Elementor\\Core\\Documents_Manager->ajax_save, Elementor\\Core\\Base\\Document->save, Elementor\\Core\\Base\\Document->save_settings, Elementor\\Core\\Settings\\Page\\Manager->ajax_before_save_settings, Elementor\\Core\\Settings\\Page\\Manager->save_post_status, wp_update_post, wp_insert_post, do_action('post_updated'), WP_Hook->do_action, WP_Hook->apply_filters, wp_save_post_revision, _wp_put_post_revision, do_action('_wp_put_post_revision'), WP_Hook->do_action, WP_Hook->apply_filters, Elementor\\Modules\\History\\Revisions_Manager::save_revision, Elementor\\DB->safe_copy_elementor_meta, Elementor\\DB->copy_elementor_meta, update_metadata, add_metadata, referer: http://localhost:8080/wp-admin/post.php?post=18&action=elementor
[Sat Oct 01 18:44:12.379319 2022] [php:notice] [pid 9164:tid 1908] [client ::1:56905] WordPress database error Table 'C:\\xampp\\tmp\\#sql2924_1c9_7.MAI' is read only for query SHOW FULL COLUMNS FROM `wp_postmeta` made by do_action('wp_ajax_elementor_ajax'), WP_Hook->do_action, WP_Hook->apply_filters, Elementor\\Core\\Common\\Modules\\Ajax\\Module->handle_ajax_request, call_user_func, Elementor\\Core\\Documents_Manager->ajax_save, Elementor\\Core\\Base\\Document->save, Elementor\\Core\\Base\\Document->save_settings, Elementor\\Core\\Settings\\Page\\Manager->ajax_before_save_settings, Elementor\\Core\\Settings\\Page\\Manager->save_post_status, wp_update_post, wp_insert_post, do_action('post_updated'), WP_Hook->do_action, WP_Hook->apply_filters, wp_save_post_revision, _wp_put_post_revision, do_action('_wp_put_post_revision'), WP_Hook->do_action, WP_Hook->apply_filters, Elementor\\Modules\\History\\Revisions_Manager::save_revision, Elementor\\DB->safe_copy_elementor_meta, Elementor\\DB->copy_elementor_meta, update_metadata, add_metadata, referer: http://localhost:8080/wp-admin/post.php?post=18&action=elementor
[Sun Oct 02 02:13:37.027956 2022] [ssl:warn] [pid 308:tid 512] AH01909: www.example.com:443:0 server certificate does NOT include an ID which matches the server name
[Sun Oct 02 02:13:37.231082 2022] [core:warn] [pid 308:tid 512] AH00098: pid file C:/xampp/apache/logs/httpd.pid overwritten -- Unclean shutdown of previous Apache run?
[Sun Oct 02 02:13:37.231082 2022] [ssl:warn] [pid 308:tid 512] AH01909: www.example.com:443:0 server certificate does NOT include an ID which matches the server name
[Sun Oct 02 02:13:37.870105 2022] [mpm_winnt:notice] [pid 308:tid 512] AH00455: Apache/2.4.53 (Win64) OpenSSL/1.1.1n PHP/8.1.6 configured -- resuming normal operations
[Sun Oct 02 02:13:37.870105 2022] [mpm_winnt:notice] [pid 308:tid 512] AH00456: Apache Lounge VS16 Server built: Mar 16 2022 11:26:15
[Sun Oct 02 02:13:37.870105 2022] [core:notice] [pid 308:tid 512] AH00094: Command line: 'c:\\xampp\\apache\\bin\\httpd.exe -d C:/xampp/apache'
[Sun Oct 02 02:13:37.870105 2022] [mpm_winnt:notice] [pid 308:tid 512] AH00418: Parent: Created child process 9416
[Sun Oct 02 02:13:40.135725 2022] [ssl:warn] [pid 9416:tid 484] AH01909: www.example.com:443:0 server certificate does NOT include an ID which matches the server name
[Sun Oct 02 02:13:40.416996 2022] [ssl:warn] [pid 9416:tid 484] AH01909: www.example.com:443:0 server certificate does NOT include an ID which matches the server name
[Sun Oct 02 02:13:40.831969 2022] [mpm_winnt:notice] [pid 9416:tid 484] AH00354: Child: Starting 150 worker threads.
[Sun Oct 02 02:14:23.440763 2022] [php:warn] [pid 9416:tid 1920] [client ::1:57815] PHP Warning:  mysqli_query(): (HY000/1036): Table 'C:\\xampp\\tmp\\#sql28ac_8_4.MAI' is read only in C:\\xampp\\htdocs\\wp-includes\\wp-db.php on line 2169, referer: http://localhost:8080/about-us/
[Sun Oct 02 02:14:23.442765 2022] [php:notice] [pid 9416:tid 1920] [client ::1:57815] WordPress database error Table 'C:\\xampp\\tmp\\#sql28ac_8_4.MAI' is read only for query \n\t\t\tSELECT   wp_posts.*\n\t\t\tFROM wp_posts  LEFT JOIN wp_term_relationships ON (wp_posts.ID = wp_term_relationships.object_id)\n\t\t\tWHERE 1=1  AND ( \n  wp_term_relationships.term_taxonomy_id IN (4)\n) AND wp_posts.post_type = 'nav_menu_item' AND ((wp_posts.post_status = 'publish'))\n\t\t\tGROUP BY wp_posts.ID\n\t\t\tORDER BY wp_posts.menu_order ASC\n\t\t\t\n\t\t made by require('wp-blog-header.php'), require_once('wp-includes/template-loader.php'), include('/themes/dt-the7/page.php'), get_header, locate_template, load_template, require_once('/themes/dt-the7/header.php'), get_template_part, locate_template, load_template, require('/themes/dt-the7/header-single.php'), presscore_get_template_part, The7_Template_Manager->get_template_part, The7_Template_Manager->locate_template, The7_Template_Manager->load_template, require('/themes/dt-the7/template-parts/header/header-inline.php'), presscore_get_template_part, The7_Template_Manager->get_template_part, The7_Template_Manager->locate_template, The7_Template_Manager->load_template, require('/themes/dt-the7/template-parts/header/primary-menu.php'), presscore_primary_nav_menu, presscore_nav_menu, wp_nav_menu, wp_get_nav_menu_items, get_posts, WP_Query->query, WP_Query->get_posts, referer: http://localhost:8080/about-us/
[Sun Oct 02 02:15:30.651525 2022] [php:notice] [pid 9416:tid 1912] [client ::1:57968] WordPress database error Table 'C:\\xampp\\tmp\\#sql28ac_15_4.MAI' is read only for query SHOW FULL COLUMNS FROM `wp_postmeta` made by do_action('wp_ajax_heartbeat'), WP_Hook->do_action, WP_Hook->apply_filters, wp_ajax_heartbeat, apply_filters('heartbeat_received'), WP_Hook->apply_filters, Elementor\\Heartbeat->heartbeat_received, Elementor\\Core\\Editor\\Editor->lock_post, wp_set_post_lock, update_post_meta, update_metadata, referer: http://localhost:8080/wp-admin/post.php?post=18&action=elementor
[Sun Oct 02 03:00:39.740829 2022] [php:notice] [pid 9416:tid 1912] [client ::1:62203] WordPress database error Table 'C:\\xampp\\tmp\\#sql28ac_9d_4.MAI' is read only for query SHOW FULL COLUMNS FROM `wp_postmeta` made by do_action('wp_ajax_heartbeat'), WP_Hook->do_action, WP_Hook->apply_filters, wp_ajax_heartbeat, apply_filters('heartbeat_received'), WP_Hook->apply_filters, Elementor\\Heartbeat->heartbeat_received, Elementor\\Core\\Editor\\Editor->lock_post, wp_set_post_lock, update_post_meta, update_metadata, referer: http://localhost:8080/wp-admin/post.php?post=18&action=elementor
[Sun Oct 02 03:00:56.231007 2022] [php:notice] [pid 9416:tid 1900] [client ::1:62207] WordPress database error Table 'C:\\xampp\\tmp\\#sql28ac_9f_4.MAI' is read only for query SHOW FULL COLUMNS FROM `wp_postmeta` made by do_action('wp_ajax_heartbeat'), WP_Hook->do_action, WP_Hook->apply_filters, wp_ajax_heartbeat, apply_filters('heartbeat_received'), WP_Hook->apply_filters, Elementor\\Heartbeat->heartbeat_received, Elementor\\Core\\Editor\\Editor->lock_post, wp_set_post_lock, update_post_meta, update_metadata, referer: http://localhost:8080/wp-admin/post.php?post=18&action=elementor
[Sun Oct 02 03:07:12.607444 2022] [php:notice] [pid 9416:tid 1896] [client ::1:62271] WordPress database error Table 'C:\\xampp\\tmp\\#sql28ac_be_4.MAI' is read only for query SHOW FULL COLUMNS FROM `wp_postmeta` made by do_action('wp_ajax_heartbeat'), WP_Hook->do_action, WP_Hook->apply_filters, wp_ajax_heartbeat, apply_filters('heartbeat_received'), WP_Hook->apply_filters, Elementor\\Heartbeat->heartbeat_received, Elementor\\Core\\Editor\\Editor->lock_post, wp_set_post_lock, update_post_meta, update_metadata, referer: http://localhost:8080/wp-admin/post.php?post=18&action=elementor
[Sun Oct 02 22:17:04.909669 2022] [ssl:warn] [pid 7204:tid 472] AH01909: www.example.com:443:0 server certificate does NOT include an ID which matches the server name
[Sun Oct 02 22:17:07.794668 2022] [core:warn] [pid 7204:tid 472] AH00098: pid file C:/xampp/apache/logs/httpd.pid overwritten -- Unclean shutdown of previous Apache run?
[Sun Oct 02 22:17:08.006669 2022] [ssl:warn] [pid 7204:tid 472] AH01909: www.example.com:443:0 server certificate does NOT include an ID which matches the server name
[Sun Oct 02 22:17:33.263872 2022] [mpm_winnt:notice] [pid 7204:tid 472] AH00455: Apache/2.4.53 (Win64) OpenSSL/1.1.1n PHP/8.1.6 configured -- resuming normal operations
[Sun Oct 02 22:17:33.263872 2022] [mpm_winnt:notice] [pid 7204:tid 472] AH00456: Apache Lounge VS16 Server built: Mar 16 2022 11:26:15
[Sun Oct 02 22:17:33.263872 2022] [core:notice] [pid 7204:tid 472] AH00094: Command line: 'c:\\xampp\\apache\\bin\\httpd.exe -d C:/xampp/apache'
[Sun Oct 02 22:17:33.268875 2022] [mpm_winnt:notice] [pid 7204:tid 472] AH00418: Parent: Created child process 2960
[Sun Oct 02 22:17:35.463872 2022] [ssl:warn] [pid 2960:tid 500] AH01909: www.example.com:443:0 server certificate does NOT include an ID which matches the server name
[Sun Oct 02 22:17:36.206870 2022] [ssl:warn] [pid 2960:tid 500] AH01909: www.example.com:443:0 server certificate does NOT include an ID which matches the server name
[Sun Oct 02 22:17:36.422871 2022] [mpm_winnt:notice] [pid 2960:tid 500] AH00354: Child: Starting 150 worker threads.
[Sun Oct 02 22:20:38.684123 2022] [php:warn] [pid 2960:tid 1896] [client ::1:54216] PHP Warning:  mysqli_query(): (HY000/6): Error on delete of 'C:\\xampp\\tmp\\#sql2868_23_3.MAI' (Errcode: 13 &quot;Permission denied&quot;) in C:\\xampp\\htdocs\\wp-includes\\wp-db.php on line 2169, referer: http://localhost:8080/wp-admin/post.php?post=18&action=elementor
[Sun Oct 02 22:20:38.685123 2022] [php:notice] [pid 2960:tid 1896] [client ::1:54216] WordPress database error Error on delete of 'C:\\xampp\\tmp\\#sql2868_23_3.MAI' (Errcode: 13 "Permission denied") for query \n\t\t\tSELECT   wp_posts.*\n\t\t\tFROM wp_posts  LEFT JOIN wp_term_relationships ON (wp_posts.ID = wp_term_relationships.object_id)\n\t\t\tWHERE 1=1  AND ( \n  wp_term_relationships.term_taxonomy_id IN (4)\n) AND wp_posts.post_type = 'nav_menu_item' AND ((wp_posts.post_status = 'publish'))\n\t\t\tGROUP BY wp_posts.ID\n\t\t\tORDER BY wp_posts.menu_order ASC\n\t\t\t\n\t\t made by require('wp-blog-header.php'), require_once('wp-includes/template-loader.php'), include('/themes/dt-the7/page.php'), get_header, locate_template, load_template, require_once('/themes/dt-the7/header.php'), get_template_part, locate_template, load_template, require('/themes/dt-the7/header-single.php'), presscore_get_template_part, The7_Template_Manager->get_template_part, The7_Template_Manager->locate_template, The7_Template_Manager->load_template, require('/themes/dt-the7/template-parts/header/header-inline.php'), presscore_get_template_part, The7_Template_Manager->get_template_part, The7_Template_Manager->locate_template, The7_Template_Manager->load_template, require('/themes/dt-the7/template-parts/header/primary-menu.php'), presscore_primary_nav_menu, presscore_nav_menu, wp_nav_menu, wp_get_nav_menu_items, get_posts, WP_Query->query, WP_Query->get_posts, referer: http://localhost:8080/wp-admin/post.php?post=18&action=elementor
[Sun Oct 02 22:34:47.165003 2022] [php:warn] [pid 2960:tid 1888] [client ::1:54455] PHP Warning:  mysqli_query(): (HY000/6): Error on delete of 'C:\\xampp\\tmp\\#sql2868_80_4.MAI' (Errcode: 13 &quot;Permission denied&quot;) in C:\\xampp\\htdocs\\wp-includes\\wp-db.php on line 2169, referer: http://localhost:8080/wp-admin/post.php?post=18&action=elementor
[Sun Oct 02 22:34:47.166002 2022] [php:notice] [pid 2960:tid 1888] [client ::1:54455] WordPress database error Error on delete of 'C:\\xampp\\tmp\\#sql2868_80_4.MAI' (Errcode: 13 "Permission denied") for query SHOW FULL COLUMNS FROM `wp_postmeta` made by do_action('wp_ajax_heartbeat'), WP_Hook->do_action, WP_Hook->apply_filters, wp_ajax_heartbeat, apply_filters('heartbeat_received'), WP_Hook->apply_filters, Elementor\\Heartbeat->heartbeat_received, Elementor\\Core\\Editor\\Editor->lock_post, wp_set_post_lock, update_post_meta, update_metadata, referer: http://localhost:8080/wp-admin/post.php?post=18&action=elementor
[Sun Oct 02 23:12:30.622727 2022] [php:warn] [pid 2960:tid 1908] [client ::1:53617] PHP Warning:  mysqli_query(): (HY000/1036): Table 'C:\\xampp\\tmp\\#sql2868_da_4.MAI' is read only in C:\\xampp\\htdocs\\wp-includes\\wp-db.php on line 2169, referer: http://localhost:8080/about-us/
[Sun Oct 02 23:12:30.623723 2022] [php:notice] [pid 2960:tid 1908] [client ::1:53617] WordPress database error Table 'C:\\xampp\\tmp\\#sql2868_da_4.MAI' is read only for query \n\t\t\tSELECT   wp_posts.*\n\t\t\tFROM wp_posts  LEFT JOIN wp_term_relationships ON (wp_posts.ID = wp_term_relationships.object_id)\n\t\t\tWHERE 1=1  AND ( \n  wp_term_relationships.term_taxonomy_id IN (4)\n) AND wp_posts.post_type = 'nav_menu_item' AND ((wp_posts.post_status = 'publish'))\n\t\t\tGROUP BY wp_posts.ID\n\t\t\tORDER BY wp_posts.menu_order ASC\n\t\t\t\n\t\t made by require('wp-blog-header.php'), require_once('wp-includes/template-loader.php'), include('/themes/dt-the7/page.php'), get_header, locate_template, load_template, require_once('/themes/dt-the7/header.php'), get_template_part, locate_template, load_template, require('/themes/dt-the7/header-single.php'), presscore_get_template_part, The7_Template_Manager->get_template_part, The7_Template_Manager->locate_template, The7_Template_Manager->load_template, require('/themes/dt-the7/template-parts/header/mobile-header.php'), the7_display_mobile_menu, presscore_nav_menu, wp_nav_menu, wp_get_nav_menu_items, get_posts, WP_Query->query, WP_Query->get_posts, referer: http://localhost:8080/about-us/
[Mon Oct 03 01:06:22.749647 2022] [php:error] [pid 2960:tid 1896] [client ::1:64975] PHP Fatal error:  Maximum execution time of 120 seconds exceeded in C:\\xampp\\htdocs\\wp-includes\\wp-db.php on line 2169, referer: http://localhost:8080/about-us/
[Mon Oct 03 01:07:19.055501 2022] [php:error] [pid 2960:tid 1928] [client ::1:55576] PHP Fatal error:  Maximum execution time of 120 seconds exceeded in C:\\xampp\\htdocs\\wp-includes\\wp-db.php on line 2169
[Mon Oct 03 01:08:25.847347 2022] [php:error] [pid 2960:tid 1888] [client ::1:55594] PHP Fatal error:  Maximum execution time of 120 seconds exceeded in C:\\xampp\\htdocs\\wp-includes\\wp-db.php on line 2169, referer: http://localhost:8080/
[Mon Oct 03 01:09:19.982707 2022] [php:error] [pid 2960:tid 1912] [client ::1:55606] PHP Fatal error:  Maximum execution time of 120 seconds exceeded in C:\\xampp\\htdocs\\wp-includes\\wp-db.php on line 2169
[Mon Oct 03 16:20:58.554121 2022] [ssl:warn] [pid 6220:tid 500] AH01909: www.example.com:443:0 server certificate does NOT include an ID which matches the server name
[Mon Oct 03 16:20:58.835381 2022] [core:warn] [pid 6220:tid 500] AH00098: pid file C:/xampp/apache/logs/httpd.pid overwritten -- Unclean shutdown of previous Apache run?
[Mon Oct 03 16:20:58.835381 2022] [ssl:warn] [pid 6220:tid 500] AH01909: www.example.com:443:0 server certificate does NOT include an ID which matches the server name
[Mon Oct 03 16:21:00.835381 2022] [mpm_winnt:notice] [pid 6220:tid 500] AH00455: Apache/2.4.53 (Win64) OpenSSL/1.1.1n PHP/8.1.6 configured -- resuming normal operations
[Mon Oct 03 16:21:00.835381 2022] [mpm_winnt:notice] [pid 6220:tid 500] AH00456: Apache Lounge VS16 Server built: Mar 16 2022 11:26:15
[Mon Oct 03 16:21:00.835381 2022] [core:notice] [pid 6220:tid 500] AH00094: Command line: 'c:\\xampp\\apache\\bin\\httpd.exe -d C:/xampp/apache'
[Mon Oct 03 16:21:00.835381 2022] [mpm_winnt:notice] [pid 6220:tid 500] AH00418: Parent: Created child process 11764
[Mon Oct 03 16:21:02.179131 2022] [ssl:warn] [pid 11764:tid 476] AH01909: www.example.com:443:0 server certificate does NOT include an ID which matches the server name
[Mon Oct 03 16:21:02.304131 2022] [ssl:warn] [pid 11764:tid 476] AH01909: www.example.com:443:0 server certificate does NOT include an ID which matches the server name
[Mon Oct 03 16:21:02.460382 2022] [mpm_winnt:notice] [pid 11764:tid 476] AH00354: Child: Starting 150 worker threads.
[Mon Oct 03 16:49:50.305054 2022] [php:notice] [pid 11764:tid 1904] [client ::1:57256] WordPress database error Table 'C:\\xampp\\tmp\\#sql3648_c8_4.MAI' is read only for query SHOW FULL COLUMNS FROM `wp_postmeta` made by do_action('wp_ajax_heartbeat'), WP_Hook->do_action, WP_Hook->apply_filters, wp_ajax_heartbeat, apply_filters('heartbeat_received'), WP_Hook->apply_filters, Elementor\\Heartbeat->heartbeat_received, Elementor\\Core\\Editor\\Editor->lock_post, wp_set_post_lock, update_post_meta, update_metadata, referer: http://localhost:8080/wp-admin/post.php?post=18&action=elementor
[Mon Oct 03 16:51:14.024436 2022] [php:notice] [pid 11764:tid 1908] [client ::1:57271] WordPress database error Table 'C:\\xampp\\tmp\\#sql3648_d1_4.MAI' is read only for query SHOW FULL COLUMNS FROM `wp_postmeta` made by require('wp-blog-header.php'), require_once('wp-includes/template-loader.php'), include('/themes/dt-the7/page.php'), get_header, locate_template, load_template, require_once('/themes/dt-the7/header.php'), get_template_part, locate_template, load_template, require('/themes/dt-the7/header-single.php'), wp_head, do_action('wp_head'), WP_Hook->do_action, WP_Hook->apply_filters, wp_enqueue_scripts, do_action('wp_enqueue_scripts'), WP_Hook->do_action, WP_Hook->apply_filters, Elementor\\Frontend->enqueue_styles, Elementor\\Core\\Files\\CSS\\Post->enqueue, Elementor\\Core\\Files\\CSS\\Base->enqueue, Elementor\\Core\\Files\\CSS\\Base->update, Elementor\\Core\\Files\\CSS\\Post->update_meta, update_post_meta, update_metadata, add_metadata
[Mon Oct 03 16:56:23.147143 2022] [php:notice] [pid 11764:tid 1908] [client ::1:57390] WordPress database error Table 'C:\\xampp\\tmp\\#sql3648_e9_4.MAI' is read only for query SHOW FULL COLUMNS FROM `wp_postmeta` made by do_action('wp_ajax_heartbeat'), WP_Hook->do_action, WP_Hook->apply_filters, wp_ajax_heartbeat, apply_filters('heartbeat_received'), WP_Hook->apply_filters, Elementor\\Heartbeat->heartbeat_received, Elementor\\Core\\Editor\\Editor->lock_post, wp_set_post_lock, update_post_meta, update_metadata, referer: http://localhost:8080/wp-admin/post.php?post=18&action=elementor
[Mon Oct 03 17:44:17.196291 2022] [php:warn] [pid 11764:tid 1908] [client ::1:63710] PHP Warning:  mysqli_query(): (HY000/6): Error on delete of 'C:\\xampp\\tmp\\#sql3648_1f3_4.MAD' (Errcode: 13 &quot;Permission denied&quot;) in C:\\xampp\\htdocs\\wp-includes\\wp-db.php on line 2169, referer: http://localhost:8080/wp-admin/post.php?post=18&action=elementor
[Mon Oct 03 17:44:17.197291 2022] [php:notice] [pid 11764:tid 1908] [client ::1:63710] WordPress database error Error on delete of 'C:\\xampp\\tmp\\#sql3648_1f3_4.MAD' (Errcode: 13 "Permission denied") for query SHOW FULL COLUMNS FROM `wp_postmeta` made by do_action('wp_ajax_heartbeat'), WP_Hook->do_action, WP_Hook->apply_filters, wp_ajax_heartbeat, apply_filters('heartbeat_received'), WP_Hook->apply_filters, Elementor\\Heartbeat->heartbeat_received, Elementor\\Core\\Editor\\Editor->lock_post, wp_set_post_lock, update_post_meta, update_metadata, referer: http://localhost:8080/wp-admin/post.php?post=18&action=elementor
[Mon Oct 03 17:56:47.380286 2022] [php:notice] [pid 11764:tid 1876] [client ::1:63945] WordPress database error Table 'C:\\xampp\\tmp\\#sql3648_229_4.MAI' is read only for query SHOW FULL COLUMNS FROM `wp_postmeta` made by do_action('wp_ajax_heartbeat'), WP_Hook->do_action, WP_Hook->apply_filters, wp_ajax_heartbeat, apply_filters('heartbeat_received'), WP_Hook->apply_filters, Elementor\\Heartbeat->heartbeat_received, Elementor\\Core\\Editor\\Editor->lock_post, wp_set_post_lock, update_post_meta, update_metadata, referer: http://localhost:8080/wp-admin/post.php?post=18&action=elementor
[Mon Oct 03 20:06:35.458937 2022] [php:error] [pid 11764:tid 1872] [client ::1:51920] PHP Fatal error:  Maximum execution time of 300 seconds exceeded in C:\\xampp\\htdocs\\wp-includes\\wp-db.php on line 2169, referer: http://localhost:8080/wp-admin/plugin-install.php?s=&tab=search&type=term
[Mon Oct 03 20:08:01.247561 2022] [php:notice] [pid 11764:tid 1904] [client ::1:52019] WordPress database error Got a packet bigger than 'max_allowed_packet' bytes for query INSERT INTO `wp_options` (`option_name`, `option_value`, `autoload`) VALUES ('rs-templates-new', 'a:3:{s:4:\\"hash\\";s:32:\\"9a1dbc636d63de296e9580d5d08cdf39\\";s:6:\\"slider\\";a:609:{i:0;a:22:{s:2:\\"id\\";s:1:\\"1\\";s:5:\\"title\\";s:16:\\"Classic Carousel\\";s:5:\\"alias\\";s:16:\\"classic-carousel\\";s:3:\\"zip\\";s:20:\\"classic-carousel.zip\\";s:3:\\"uid\\";s:32:\\"146a01dd380c0cdee85c4456ee68cd84\\";s:3:\\"img\\";s:27:\\"classic-carousel/slider.jpg\\";s:7:\\"preview\\";s:56:\\"http://revolution.themepunch.com/carousel-slider-plugin/\\";s:7:\\"version\\";s:5:\\"1.0.0\\";s:8:\\"required\\";s:5:\\"5.0.5\\";s:5:\\"width\\";s:4:\\"1240\\";s:6:\\"height\\";s:3:\\"600\\";s:11:\\"description\\";s:141:\\"<span class=\\"ttm_content\\">Our classic, full-width carousel example. Drag, swipe or click to navigate!</span>\\r\\n<span class=\\"ttm_space\\"></span>\\";s:11:\\"setup_notes\\";s:117:\\"<span class=\\"ttm_content\\">This is a \\"Default\\" content slider. Just edit the slides to change images and texts.</span>\\";s:3:\\"cat\\";s:15:\\"Revolution Base\\";s:6:\\"filter\\";a:1:{i:0;s:8:\\"carousel\\";}s:14:\\"plugin_require\\";N;s:4:\\"date\\";s:19:\\"2016-02-22 13:21:33\\";s:13:\\"package_order\\";s:1:\\"0\\";s:5:\\"modal\\";s:1:\\"0\\";s:9:\\"additions\\";s:0:\\"\\";s:6:\\"active\\";s:1:\\"1\\";s:9:\\"installed\\";b:0;}i:1;a:22:{s:2:\\"id\\";s:1:\\"2\\";s:5:\\"title\\";s:14:\\"Classic Slider\\";s:5:\\"alias\\";s:13:\\"classicslider\\";s:3:\\"zip\\";s:17:\\"classicslider.zip\\";s:3:\\"uid\\";s:32:\\"a0d6a9248c9066b404ba0f1cdadc5cf2\\";s:3:\\"img\\";s:24:\\"classicslider/slider.jpg\\";s:7:\\"preview\\";s:61:\\"http://revolution.themepunch.com/wordpress-slideshow-gallery/\\";s:7:\\"version\\";s:5:\\"1.0.0\\";s:8:\\"required\\";s:5:\\"5.0.5\\";s:5:\\"width\\";s:4:\\"1240\\";s:6:\\"height\\";s:3:\\"600\\";s:11:\\"description\\";s:136:\\" <span class=\\"ttm_content\\">A classic slideshow example with timer, bullets and arrow navigation.</span>\\r\\n<span class=\\"ttm_space\\"></span>\\";s:11:\\"setup_notes\\";s:117:\\"<span class=\\"ttm_content\\">This is a \\"Default\\" content slider. Just edit the slides to change images and texts.</span>\\";s:3:\\"cat\\";s:15:\\"Revolution Base\\";s:6:\\"filter\\";a:1:{i:0;s:6:\\"slider\\";}s:14:\\"plugin_require\\";N;s:4:\\"date\\";s:19:\\"2016-02-24 13:21:33\\";s:13:\\"package_order\\";s:1:\\"0\\";s:5:\\"modal\\";s:1:\\"0\\";s:9:\\"additions\\";s:0:\\"\\";s:6:\\"active\\";s:1:\\"1\\";s:9:\\"installed\\";b:0;}i:2;a:22:{s:2:\\"id\\";s:1:\\"3\\";s:5:\\"title\\";s:12:\\"Content Tabs\\";s:5:\\"alias\\";s:11:\\"contenttabs\\";s:3:\\"zip\\";s:15:\\"contenttabs.zip\\";s:3:\\"uid\\";s:32:\\"e02e91604b690123a3d07a65582c4fd0\\";s:3:\\"img\\";s:22:\\"contenttabs/slider.jpg\\";s:7:\\"preview\\";s:63:\\"http://revolution.themepunch.com/wordpress-content-tabs-slider/\\";s:7:\\"version\\";s:5:\\"1.0.0\\";s:8:\\"required\\";s:5:\\"5.0.5\\";s:5:\\"width\\";s:4:\\"1024\\";s:6:\\"height\\";s:3:\\"600\\";s:11:\\"description\\";s:170:\\" <span class=\\"ttm_content\\">An auto-size slider with a cool split-text animation effect. Navigate with vertical bullets and thumbs.</span>\\r\\n<span class=\\"ttm_space\\"></span>\\";s:11:\\"setup_notes\\";s:117:\\"<span class=\\"ttm_content\\">This is a \\"Default\\" content slider. Just edit the slides to change images and texts.</span>\\";s:3:\\"cat\\";s:15:\\"Revolution Base\\";s:6:\\"filter\\";a:1:{i:0;s:6:\\"slider\\";}s:14:\\"plugin_require\\";N;s:4:\\"date\\";s:19:\\"2016-02-24 13:21:33\\";s:13:\\"package_order\\";s:1:\\"0\\";s:5:\\"modal\\";s:1:\\"0\\";s:9:\\"additions\\";s:0:\\"\\";s:6:\\"active\\";s:1:\\"1\\";s:9:\\"installed\\";b:0;}i:3;a:22:{s:2:\\"id\\";s:1:\\"4\\";s:5:\\"title\\";s:13:\\"Facebook Feed\\";s:5:\\"alias\\";s:13:\\"facebook-feed\\";s:3:\\"zip\\";s:17:\\"facebook-feed.zip\\";s:3:\\"uid\\";s:32:\\"5506431d5b1babcb25dcf52c508d42e3\\";s:3:\\"img\\";s:24:\\"facebook-feed/slider.jpg\\";s:7:\\"preview\\";s:57:\\"http://revolution.themepunch.com/wordpress-facebook-feed/\\";s:7:\\"version\\";s:5:\\"1.0.1\\";s:8:\\"required\\";s:5:\\"5.0.5\\";s:5:\\"width\\";s:3:\\"800\\";s:6:\\"height\\";s:3:\\"600\\";s:11:\\"description\\";s:174:\\"<span class=\\"ttm_content\\"> This slider is automatically populated by a Facebook stream. Just one slide is needed to show a whole feed!</span>\\r\\n<span class=\\"ttm_space\\"></span>\\";s:11:\\"setup_notes\\";s:415:\\"<span class=\\"ttm_content\\">The content source is set to <a href=\\"https://www.themepunch.com/slider-revolution/module-content/#flickr\\" target=\\"_blank\\">\\"Facebook Stream\\"</a>. Make sure to input your correct API information in the slider settings.<br/><br/></span>\\r\\n<span class=\\"ttm_content\\">Checkout our <a href=\\"https://revolution.themepunch.com/documentation\\" target=\\"_blank\\">Documentation</a> for basic help.</span>\\";s:3:\\"cat\\";s:15:\\"Revolution Base\\";s:6:\\"filter\\";a:2:{i:0;s:6:\\"slider\\";i:1;s:11:\\"socialmedia\\";}s:14:\\"plugin_require\\";N;s:4:\\"date\\";s:19:\\"2016-02-24 13:21:33\\";s:13:\\"package_order\\";s:1:\\"0\\";s:5:\\"modal\\";s:1:\\"0\\";s:9:\\"additions\\";s:0:\\"\\";s:6:\\"active\\";s:1:\\"1\\";s:9:\\"installed\\";b:0;}i:4;a:22:{s:2:\\"id\\";s:1:\\"5\\";s:5:\\"title\\";s:7:\\"Fashion\\";s:5:\\"alias\\";s:7:\\"fashion\\";s:3:\\"zip\\";s:11:\\"fashion.zip\\";s:3:\\"uid\\";s:32:\\"4f4b914d6db35e19101ff003c4e7ea3a\\";s:3:\\"img\\";s:18:\\"fashion/slider.jpg\\";s:7:\\"preview\\";s:65:\\"http://revolution.themepunch.com/wordpress-one-page-slider-theme/\\";s:7:\\"version\\";s:5:\\"1.0.0\\";s:8:\\"required\\";s:5:\\"5.0.5\\";s:5:\\"width\\";s:4:\\"1240\\";s:6:\\"height\\";s:3:\\"868\\";s:11:\\"description\\";s:183:\\"  <span class=\\"ttm_content\\">A front-page slider that can be used as an intro for your website. Navigate by using mouse-wheel scroll or bullets.</span>\\r\\n<span class=\\"ttm_space\\"></span>\\";s:11:\\"setup_notes\\";s:117:\\"<span class=\\"ttm_content\\">This is a \\"Default\\" content slider. Just edit the slides to change images and texts.</span>\\";s:3:\\"cat\\";s:15:\\"Revolution Base\\";s:6:\\"filter\\";a:1:{i:0;s:6:\\"slider\\";}s:14:\\"plugin_require\\";N;s:4:\\"date\\";s:19:\\"2016-02-24 13:21:33\\";s:13:\\"package_order\\";s:1:\\"0\\";s:5:\\"modal\\";s:1:\\"0\\";s:9:\\"additions\\";s:0:\\"\\";s:6:\\"active\\";s:1:\\"1\\";s:9:\\"installed\\";b:0;}i:5;a:22:{s:2:\\"id\\";s:1:\\"6\\";s:5:\\"title\\";s:14:\\"Flickr Gallery\\";s:5:\\"alias\\";s:14:\\"flickr-gallery\\";s:3:\\"zip\\";s:18:\\"flickr-gallery.zip\\";s:3:\\"uid\\";s:32:\\"ad85cfac7acfa678e6a1b8febfee51ed\\";s:3:\\"img\\";s:25:\\"flickr-gallery/slider.jpg\\";s:7:\\"preview\\";s:57:\\"http://revolution.themepunch.com/wordpress-flickr-slider/\\";s:7:\\"version\\";s:5:\\"1.0.0\\";s:8:\\"required\\";s:5:\\"5.0.5\\";s:5:\\"width\\";s:3:\\"800\\";s:6:\\"height\\";s:3:\\"640\\";s:11:\\"description\\";s:173:\\" <span class=\\"ttm_content\\"> This slider is automatically populated by a Flickr stream. Just one slide is needed to show a whole feed!</span>\\r\\n<span class=\\"ttm_space\\"></span>\\";s:11:\\"setup_notes\\";s:117:\\"<span class=\\"ttm_content\\">This is a \\"Default\\" content slider. Just edit the slides to change images and texts.</span>\\";s:3:\\"cat\\";s:15:\\"Revolution Base\\";s:6:\\"filter\\";a:2:{i:0;s:6:\\"slider\\";i:1;s:11:\\"socialmedia\\";}s:14:\\"plugin_require\\";N;s:4:\\"date\\";s:19:\\"2016-02-24 13:21:33\\";s:13:\\"package_order\\";s:1:\\"0\\";s:5:\\"modal\\";s:1:\\"0\\";s:9:\\"additions\\";s:0:\\"\\";s:6:\\"active\\";s:1:\\"1\\";s:9:\\"installed\\";b:0;}i:6;a:22:{s:2:\\"id\\";s:1:\\"7\\";s:5:\\"title\\";s:3:\\"Gym\\";s:5:\\"alias\\";s:3:\\"gym\\";s:3:\\"zip\\";s:7:\\"gym.zip\\";s:3:\\"uid\\";s:32:\\"e4d81f13f96fb9bc905f4ad89615032b\\";s:3:\\"img\\";s:14:\\"gym/slider.jpg\\";s:7:\\"preview\\";s:59:\\"http://revolution.themepunch.com/one-page-wordpress-slider/\\";s:7:\\"version\\";s:5:\\"1.0.1\\";s:8:\\"required\\";s:5:\\"6.0.0\\";s:5:\\"width\\";s:4:\\"1240\\";s:6:\\"height\\";s:3:\\"868\\";s:11:\
[Mon Oct 03 20:09:20.745019 2022] [php:error] [pid 11764:tid 1904] [client ::1:52019] PHP Fatal error:  Maximum execution time of 120 seconds exceeded in C:\\xampp\\htdocs\\wp-includes\\wp-db.php on line 2169, referer: http://localhost:8080/wp-admin/update.php?action=upload-plugin
